d:\progs\prog-97--i4mp\build\project-1--windows-msvc-v142\lib\i4mp-1.2.6-64-bit-debug.pdb
d:\progs\prog-97--i4mp\build\project-1--windows-msvc-v142\lib\i4mp-1.2.6-64-bit-debug.idb
d:\progs\prog-97--i4mp\projects\project-1--windows-msvc-v142\x64\i4mp-64-bit-debug-lib\utils__lang__config.obj
d:\progs\prog-97--i4mp\projects\project-1--windows-msvc-v142\x64\i4mp-64-bit-debug-lib\utils__language_iso_639_1__validate_code.obj
d:\progs\prog-97--i4mp\projects\project-1--windows-msvc-v142\x64\i4mp-64-bit-debug-lib\utils__get_application_version_2.2.9.obj
d:\progs\prog-97--i4mp\projects\project-1--windows-msvc-v142\x64\i4mp-64-bit-debug-lib\utils__base_64__get_size_of_encoded_buffer.obj
d:\progs\prog-97--i4mp\projects\project-1--windows-msvc-v142\x64\i4mp-64-bit-debug-lib\utils__base_64__encode.obj
d:\progs\prog-97--i4mp\projects\project-1--windows-msvc-v142\x64\i4mp-64-bit-debug-lib\utils__base_64__decode.obj
d:\progs\prog-97--i4mp\projects\project-1--windows-msvc-v142\x64\i4mp-64-bit-debug-lib\utils__platform__touch_file.obj
d:\progs\prog-97--i4mp\projects\project-1--windows-msvc-v142\x64\i4mp-64-bit-debug-lib\utils__platform__sleep_milliseconds.obj
d:\progs\prog-97--i4mp\projects\project-1--windows-msvc-v142\x64\i4mp-64-bit-debug-lib\utils__platform__remove_file.obj
d:\progs\prog-97--i4mp\projects\project-1--windows-msvc-v142\x64\i4mp-64-bit-debug-lib\utils__platform__make_file_and_dir_log_names.obj
d:\progs\prog-97--i4mp\projects\project-1--windows-msvc-v142\x64\i4mp-64-bit-debug-lib\utils__platform__make_absolute_file_name.obj
d:\progs\prog-97--i4mp\projects\project-1--windows-msvc-v142\x64\i4mp-64-bit-debug-lib\utils__platform__get_path_separator.obj
d:\progs\prog-97--i4mp\projects\project-1--windows-msvc-v142\x64\i4mp-64-bit-debug-lib\utils__platform__empty_file.obj
d:\progs\prog-97--i4mp\projects\project-1--windows-msvc-v142\x64\i4mp-64-bit-debug-lib\utils__platform__does_path_exist.obj
d:\progs\prog-97--i4mp\projects\project-1--windows-msvc-v142\x64\i4mp-64-bit-debug-lib\utils__platform__does_file_exist.obj
d:\progs\prog-97--i4mp\projects\project-1--windows-msvc-v142\x64\i4mp-64-bit-debug-lib\utils__platform__create_path.obj
d:\progs\prog-97--i4mp\projects\project-1--windows-msvc-v142\x64\i4mp-64-bit-debug-lib\utils__platform__create_empty_file.obj
d:\progs\prog-97--i4mp\projects\project-1--windows-msvc-v142\x64\i4mp-64-bit-debug-lib\utils__platform__create_directory_by_dir_name.obj
d:\progs\prog-97--i4mp\projects\project-1--windows-msvc-v142\x64\i4mp-64-bit-debug-lib\utils__platform__build_fully_qualified_file_name.obj
d:\progs\prog-97--i4mp\projects\project-1--windows-msvc-v142\x64\i4mp-64-bit-debug-lib\open62541.obj
d:\progs\prog-97--i4mp\projects\project-1--windows-msvc-v142\x64\i4mp-64-bit-debug-lib\utils__libc__sttoa.obj
d:\progs\prog-97--i4mp\projects\project-1--windows-msvc-v142\x64\i4mp-64-bit-debug-lib\utils__libc__strstr.obj
d:\progs\prog-97--i4mp\projects\project-1--windows-msvc-v142\x64\i4mp-64-bit-debug-lib\utils__libc__strnchr.obj
d:\progs\prog-97--i4mp\projects\project-1--windows-msvc-v142\x64\i4mp-64-bit-debug-lib\utils__libc__stoa.obj
d:\progs\prog-97--i4mp\projects\project-1--windows-msvc-v142\x64\i4mp-64-bit-debug-lib\utils__libc__ltoa.obj
d:\progs\prog-97--i4mp\projects\project-1--windows-msvc-v142\x64\i4mp-64-bit-debug-lib\utils__libc__itoa.obj
d:\progs\prog-97--i4mp\projects\project-1--windows-msvc-v142\x64\i4mp-64-bit-debug-lib\utils__libc__count_trimmeable_characters.obj
d:\progs\prog-97--i4mp\projects\project-1--windows-msvc-v142\x64\i4mp-64-bit-debug-lib\utils__libc__copy_buffer.obj
d:\progs\prog-97--i4mp\projects\project-1--windows-msvc-v142\x64\i4mp-64-bit-debug-lib\utils__libc__convert_utf8_data_to_percent_encoded_data.obj
d:\progs\prog-97--i4mp\projects\project-1--windows-msvc-v142\x64\i4mp-64-bit-debug-lib\utils__libc__compact_spaces.obj
d:\progs\prog-97--i4mp\projects\project-1--windows-msvc-v142\x64\i4mp-64-bit-debug-lib\utils__libc__check_for_duplicate_names.obj
d:\progs\prog-97--i4mp\projects\project-1--windows-msvc-v142\x64\i4mp-64-bit-debug-lib\utils__libc__check_doubles_for_equality.obj
d:\progs\prog-97--i4mp\projects\project-1--windows-msvc-v142\x64\i4mp-64-bit-debug-lib\utils__libc__build_url_buffer.obj
d:\progs\prog-97--i4mp\projects\project-1--windows-msvc-v142\x64\i4mp-64-bit-debug-lib\utils__libc__atoul.obj
d:\progs\prog-97--i4mp\projects\project-1--windows-msvc-v142\x64\i4mp-64-bit-debug-lib\utils__libc__atost.obj
d:\progs\prog-97--i4mp\projects\project-1--windows-msvc-v142\x64\i4mp-64-bit-debug-lib\utils__libc__atoi.obj
d:\progs\prog-97--i4mp\projects\project-1--windows-msvc-v142\x64\i4mp-64-bit-debug-lib\utils__libc__atod.obj
d:\progs\prog-97--i4mp\projects\project-1--windows-msvc-v142\x64\i4mp-64-bit-debug-lib\utils__lang__print_dictionary.obj
d:\progs\prog-97--i4mp\projects\project-1--windows-msvc-v142\x64\i4mp-64-bit-debug-lib\utils__lang__init.obj
d:\progs\prog-97--i4mp\projects\project-1--windows-msvc-v142\x64\i4mp-64-bit-debug-lib\utils__lang__get_word.obj
d:\progs\prog-97--i4mp\projects\project-1--windows-msvc-v142\x64\i4mp-64-bit-debug-lib\utils__sdb__append_sdb.obj
d:\progs\prog-97--i4mp\projects\project-1--windows-msvc-v142\x64\i4mp-64-bit-debug-lib\utils__printf__warning.obj
d:\progs\prog-97--i4mp\projects\project-1--windows-msvc-v142\x64\i4mp-64-bit-debug-lib\utils__printf__init.obj
d:\progs\prog-97--i4mp\projects\project-1--windows-msvc-v142\x64\i4mp-64-bit-debug-lib\utils__printf__info.obj
d:\progs\prog-97--i4mp\projects\project-1--windows-msvc-v142\x64\i4mp-64-bit-debug-lib\utils__printf__flush.obj
d:\progs\prog-97--i4mp\projects\project-1--windows-msvc-v142\x64\i4mp-64-bit-debug-lib\utils__printf__error.obj
d:\progs\prog-97--i4mp\projects\project-1--windows-msvc-v142\x64\i4mp-64-bit-debug-lib\utils__printf__config.obj
d:\progs\prog-97--i4mp\projects\project-1--windows-msvc-v142\x64\i4mp-64-bit-debug-lib\utils__percent_encoding__encode_strict.obj
d:\progs\prog-97--i4mp\projects\project-1--windows-msvc-v142\x64\i4mp-64-bit-debug-lib\utils__percent_encoding__encode.obj
d:\progs\prog-97--i4mp\projects\project-1--windows-msvc-v142\x64\i4mp-64-bit-debug-lib\utils__percent_encoding__decode__data.obj
d:\progs\prog-97--i4mp\projects\project-1--windows-msvc-v142\x64\i4mp-64-bit-debug-lib\utils__percent_encoding__decode_data_strict.obj
d:\progs\prog-97--i4mp\projects\project-1--windows-msvc-v142\x64\i4mp-64-bit-debug-lib\utils__libc__write_option.obj
d:\progs\prog-97--i4mp\projects\project-1--windows-msvc-v142\x64\i4mp-64-bit-debug-lib\utils__libc__validate_unsigned_long_number.obj
d:\progs\prog-97--i4mp\projects\project-1--windows-msvc-v142\x64\i4mp-64-bit-debug-lib\utils__libc__validate_size_t_number.obj
d:\progs\prog-97--i4mp\projects\project-1--windows-msvc-v142\x64\i4mp-64-bit-debug-lib\utils__libc__validate_ipv4_address.obj
d:\progs\prog-97--i4mp\projects\project-1--windows-msvc-v142\x64\i4mp-64-bit-debug-lib\utils__libc__validate_int_number.obj
d:\progs\prog-97--i4mp\projects\project-1--windows-msvc-v142\x64\i4mp-64-bit-debug-lib\utils__libc__ustoa.obj
d:\progs\prog-97--i4mp\projects\project-1--windows-msvc-v142\x64\i4mp-64-bit-debug-lib\utils__libc__ultoa.obj
d:\progs\prog-97--i4mp\projects\project-1--windows-msvc-v142\x64\i4mp-64-bit-debug-lib\utils__libc__trim_string.obj
d:\progs\prog-97--i4mp\projects\project-1--windows-msvc-v142\x64\i4mp-64-bit-debug-lib\utils__libc__tokenize_string.obj
d:\progs\prog-97--i4mp\projects\project-1--windows-msvc-v142\x64\i4mp-64-bit-debug-lib\utils__libc__write_double.obj
d:\progs\prog-97--i4mp\projects\project-1--windows-msvc-v142\x64\i4mp-64-bit-debug-lib\utils__sdb__validate_name.obj
d:\progs\prog-97--i4mp\projects\project-1--windows-msvc-v142\x64\i4mp-64-bit-debug-lib\utils__sdb__search_index_by_name.obj
d:\progs\prog-97--i4mp\projects\project-1--windows-msvc-v142\x64\i4mp-64-bit-debug-lib\utils__sdb__replace_value_in_position.obj
d:\progs\prog-97--i4mp\projects\project-1--windows-msvc-v142\x64\i4mp-64-bit-debug-lib\utils__sdb__read_record_from_file.obj
d:\progs\prog-97--i4mp\projects\project-1--windows-msvc-v142\x64\i4mp-64-bit-debug-lib\utils__sdb__read_record_from_buffer.obj
d:\progs\prog-97--i4mp\projects\project-1--windows-msvc-v142\x64\i4mp-64-bit-debug-lib\utils__sdb__read_configuration_from_file.obj
d:\progs\prog-97--i4mp\projects\project-1--windows-msvc-v142\x64\i4mp-64-bit-debug-lib\utils__sdb__read_configuration_from_buffer.obj
d:\progs\prog-97--i4mp\projects\project-1--windows-msvc-v142\x64\i4mp-64-bit-debug-lib\utils__sdb__print_sdb.obj
d:\progs\prog-97--i4mp\projects\project-1--windows-msvc-v142\x64\i4mp-64-bit-debug-lib\utils__sdb__print_records_index.obj
d:\progs\prog-97--i4mp\projects\project-1--windows-msvc-v142\x64\i4mp-64-bit-debug-lib\utils__sdb__match_sdb_names_rows.obj
d:\progs\prog-97--i4mp\projects\project-1--windows-msvc-v142\x64\i4mp-64-bit-debug-lib\utils__sdb__match_sdb_names.obj
d:\progs\prog-97--i4mp\projects\project-1--windows-msvc-v142\x64\i4mp-64-bit-debug-lib\utils__sdb__init.obj
d:\progs\prog-97--i4mp\projects\project-1--windows-msvc-v142\x64\i4mp-64-bit-debug-lib\utils__sdb__index_file.obj
d:\progs\prog-97--i4mp\projects\project-1--windows-msvc-v142\x64\i4mp-64-bit-debug-lib\utils__sdb__count_sections_from_file.obj
d:\progs\prog-97--i4mp\projects\project-1--windows-msvc-v142\x64\i4mp-64-bit-debug-lib\utils__sdb__count_sections_from_buffer.obj
d:\progs\prog-97--i4mp\projects\project-1--windows-msvc-v142\x64\i4mp-64-bit-debug-lib\utils__sdb__config.obj
d:\progs\prog-97--i4mp\projects\project-1--windows-msvc-v142\x64\i4mp-64-bit-debug-lib\utils__sdb__compare_two_sdbs.obj
d:\progs\prog-97--i4mp\projects\project-1--windows-msvc-v142\x64\i4mp-64-bit-debug-lib\utils__sdb__clear_sdb.obj
d:\progs\prog-97--i4mp\projects\project-1--windows-msvc-v142\x64\i4mp-64-bit-debug-lib\utils__sdb__check_names.obj
d:\progs\prog-97--i4mp\projects\project-1--windows-msvc-v142\x64\i4mp-64-bit-debug-lib\fanuc_focas__get_alarm_status.obj
d:\progs\prog-97--i4mp\projects\project-1--windows-msvc-v142\x64\i4mp-64-bit-debug-lib\fanuc_focas__config.obj
d:\progs\prog-97--i4mp\projects\project-1--windows-msvc-v142\x64\i4mp-64-bit-debug-lib\utils__xml__extract_inner_xml.obj
d:\progs\prog-97--i4mp\projects\project-1--windows-msvc-v142\x64\i4mp-64-bit-debug-lib\utils__utf_8__validate_data.obj
d:\progs\prog-97--i4mp\projects\project-1--windows-msvc-v142\x64\i4mp-64-bit-debug-lib\utils__utf_8__memcmp.obj
d:\progs\prog-97--i4mp\projects\project-1--windows-msvc-v142\x64\i4mp-64-bit-debug-lib\utils__utf_8__get_symbol.obj
d:\progs\prog-97--i4mp\projects\project-1--windows-msvc-v142\x64\i4mp-64-bit-debug-lib\utils__utf_8__get_next_symbol.obj
d:\progs\prog-97--i4mp\projects\project-1--windows-msvc-v142\x64\i4mp-64-bit-debug-lib\utils__utf_8__count_symbols.obj
d:\progs\prog-97--i4mp\projects\project-1--windows-msvc-v142\x64\i4mp-64-bit-debug-lib\utils__time__get_iso_extended_time.obj
d:\progs\prog-97--i4mp\projects\project-1--windows-msvc-v142\x64\i4mp-64-bit-debug-lib\utils__time__get_iso_extended_date.obj
d:\progs\prog-97--i4mp\projects\project-1--windows-msvc-v142\x64\i4mp-64-bit-debug-lib\utils__time__get_iso_date.obj
d:\progs\prog-97--i4mp\projects\project-1--windows-msvc-v142\x64\i4mp-64-bit-debug-lib\utils__time__get_integer_date.obj
d:\progs\prog-97--i4mp\projects\project-1--windows-msvc-v142\x64\i4mp-64-bit-debug-lib\utils__time__get_date.obj
d:\progs\prog-97--i4mp\projects\project-1--windows-msvc-v142\x64\i4mp-64-bit-debug-lib\utils__libc__write_yes_or_no.obj
d:\progs\prog-97--i4mp\projects\project-1--windows-msvc-v142\x64\i4mp-64-bit-debug-lib\utils__sdb__write_urlencoded_data_to_sdb.obj
d:\progs\prog-97--i4mp\projects\project-1--windows-msvc-v142\x64\i4mp-64-bit-debug-lib\utils__libc__write_string.obj
d:\progs\prog-97--i4mp\projects\project-1--windows-msvc-v142\x64\i4mp-64-bit-debug-lib\utils__libc__write_size_t.obj
d:\progs\prog-97--i4mp\projects\project-1--windows-msvc-v142\x64\i4mp-64-bit-debug-lib\utils__sdb__write_record_to_file.obj
d:\progs\prog-97--i4mp\projects\project-1--windows-msvc-v142\x64\i4mp-64-bit-debug-lib\utils__sdb__write_pair_to_sdb.obj
d:\progs\prog-97--i4mp\projects\project-1--windows-msvc-v142\x64\i4mp-64-bit-debug-lib\utils__libc__write_int.obj
d:\progs\prog-97--i4mp\projects\project-1--windows-msvc-v142\x64\i4mp-64-bit-debug-lib\fanuc_focas__init.obj
d:\progs\prog-97--i4mp\projects\project-1--windows-msvc-v142\x64\i4mp-64-bit-debug-lib\fanuc_focas__get_type.obj
d:\progs\prog-97--i4mp\projects\project-1--windows-msvc-v142\x64\i4mp-64-bit-debug-lib\fanuc_focas__get_simulated_status.obj
d:\progs\prog-97--i4mp\projects\project-1--windows-msvc-v142\x64\i4mp-64-bit-debug-lib\fanuc_focas__get_serial_number.obj
d:\progs\prog-97--i4mp\projects\project-1--windows-msvc-v142\x64\i4mp-64-bit-debug-lib\fanuc_focas__get_production_status.obj
d:\progs\prog-97--i4mp\projects\project-1--windows-msvc-v142\x64\i4mp-64-bit-debug-lib\fanuc_focas__get_part_program_name.obj
d:\progs\prog-97--i4mp\projects\project-1--windows-msvc-v142\x64\i4mp-64-bit-debug-lib\fanuc_focas__get_part_counter.obj
d:\progs\prog-97--i4mp\projects\project-1--windows-msvc-v142\x64\i4mp-64-bit-debug-lib\fanuc_focas__get_operating_status.obj
d:\progs\prog-97--i4mp\projects\project-1--windows-msvc-v142\x64\i4mp-64-bit-debug-lib\fanuc_focas__get_networked_status.obj
d:\progs\prog-97--i4mp\projects\project-1--windows-msvc-v142\x64\i4mp-64-bit-debug-lib\fanuc_focas__get_name.obj
d:\progs\prog-97--i4mp\projects\project-1--windows-msvc-v142\x64\i4mp-64-bit-debug-lib\fanuc_focas__get_model.obj
d:\progs\prog-97--i4mp\projects\project-1--windows-msvc-v142\x64\i4mp-64-bit-debug-lib\fanuc_focas__get_manufacturer.obj
d:\progs\prog-97--i4mp\projects\project-1--windows-msvc-v142\x64\i4mp-64-bit-debug-lib\fanuc_focas__get_machine_count.obj
d:\progs\prog-97--i4mp\projects\project-1--windows-msvc-v142\x64\i4mp-64-bit-debug-lib\fanuc_focas__get_id.obj
d:\progs\prog-97--i4mp\projects\project-1--windows-msvc-v142\x64\i4mp-64-bit-debug-lib\fanuc_focas__get_facility.obj
d:\progs\prog-97--i4mp\projects\project-1--windows-msvc-v142\x64\i4mp-64-bit-debug-lib\fanuc_focas__get_department.obj
d:\progs\prog-97--i4mp\projects\project-1--windows-msvc-v142\x64\i4mp-64-bit-debug-lib\fanuc_focas__get_cycle_time.obj
d:\progs\prog-97--i4mp\projects\project-1--windows-msvc-v142\x64\i4mp-64-bit-debug-lib\fanuc_focas__get_connection_status.obj
d:\progs\prog-97--i4mp\projects\project-1--windows-msvc-v142\x64\i4mp-64-bit-debug-lib\fanuc_focas__get_cnc_name.obj
d:\progs\prog-97--i4mp\projects\project-1--windows-msvc-v142\x64\i4mp-64-bit-debug-lib\fanuc_focas__get_application_version_1.2.5.obj
d:\progs\prog-97--i4mp\projects\project-1--windows-msvc-v142\x64\i4mp-64-bit-debug-lib\fanuc_focas__private__thread.obj
d:\progs\prog-97--i4mp\projects\project-1--windows-msvc-v142\x64\i4mp-64-bit-debug-lib\fanuc_focas__private__task__simulate_machines_data.obj
d:\progs\prog-97--i4mp\projects\project-1--windows-msvc-v142\x64\i4mp-64-bit-debug-lib\fanuc_focas__private__task__read_machines_data.obj
d:\progs\prog-97--i4mp\projects\project-1--windows-msvc-v142\x64\i4mp-64-bit-debug-lib\fanuc_focas__private__task__estimate_cycle_time_from_part_counter.obj
d:\progs\prog-97--i4mp\projects\project-1--windows-msvc-v142\x64\i4mp-64-bit-debug-lib\fanuc_focas__private__task__connection_monitor.obj
d:\progs\prog-97--i4mp\projects\project-1--windows-msvc-v142\x64\i4mp-64-bit-debug-lib\fanuc_focas__private__read_production_status__simulated.obj
d:\progs\prog-97--i4mp\projects\project-1--windows-msvc-v142\x64\i4mp-64-bit-debug-lib\fanuc_focas__private__read_production_status__real.obj
d:\progs\prog-97--i4mp\projects\project-1--windows-msvc-v142\x64\i4mp-64-bit-debug-lib\fanuc_focas__private__read_part_program_name__simulated.obj
d:\progs\prog-97--i4mp\projects\project-1--windows-msvc-v142\x64\i4mp-64-bit-debug-lib\fanuc_focas__private__read_part_program_name__real.obj
d:\progs\prog-97--i4mp\projects\project-1--windows-msvc-v142\x64\i4mp-64-bit-debug-lib\fanuc_focas__private__read_part_counter__simulated.obj
d:\progs\prog-97--i4mp\projects\project-1--windows-msvc-v142\x64\i4mp-64-bit-debug-lib\fanuc_focas__private__read_part_counter__real.obj
d:\progs\prog-97--i4mp\projects\project-1--windows-msvc-v142\x64\i4mp-64-bit-debug-lib\fanuc_focas__private__read_cycle_time__simulated.obj
d:\progs\prog-97--i4mp\projects\project-1--windows-msvc-v142\x64\i4mp-64-bit-debug-lib\fanuc_focas__private__read_cycle_time__real.obj
d:\progs\prog-97--i4mp\projects\project-1--windows-msvc-v142\x64\i4mp-64-bit-debug-lib\fanuc_focas__private__read_connection_status__simulated.obj
d:\progs\prog-97--i4mp\projects\project-1--windows-msvc-v142\x64\i4mp-64-bit-debug-lib\fanuc_focas__private__read_connection_status__real.obj
d:\progs\prog-97--i4mp\projects\project-1--windows-msvc-v142\x64\i4mp-64-bit-debug-lib\fanuc_focas__private__read_alarm_status__simulated.obj
d:\progs\prog-97--i4mp\projects\project-1--windows-msvc-v142\x64\i4mp-64-bit-debug-lib\fanuc_focas__private__read_alarm_status__real.obj
d:\progs\prog-97--i4mp\projects\project-1--windows-msvc-v142\x64\i4mp-64-bit-debug-lib\fanuc_focas__private__load_machines_configuration.obj
d:\progs\prog-97--i4mp\projects\project-1--windows-msvc-v142\x64\i4mp-64-bit-debug-lib\fanuc_focas__private__load_application_configuration.obj
d:\progs\prog-97--i4mp\projects\project-1--windows-msvc-v142\x64\i4mp-64-bit-debug-lib\fanuc_focas__private__check_parameters_and_agent_status.obj
d:\progs\prog-97--i4mp\projects\project-1--windows-msvc-v142\x64\i4mp-64-bit-debug-lib\okuma_mt__get_serial_number.obj
d:\progs\prog-97--i4mp\projects\project-1--windows-msvc-v142\x64\i4mp-64-bit-debug-lib\okuma_mt__get_production_status.obj
d:\progs\prog-97--i4mp\projects\project-1--windows-msvc-v142\x64\i4mp-64-bit-debug-lib\okuma_mt__get_part_program_name.obj
d:\progs\prog-97--i4mp\projects\project-1--windows-msvc-v142\x64\i4mp-64-bit-debug-lib\okuma_mt__get_part_counter.obj
d:\progs\prog-97--i4mp\projects\project-1--windows-msvc-v142\x64\i4mp-64-bit-debug-lib\okuma_mt__get_operating_status.obj
d:\progs\prog-97--i4mp\projects\project-1--windows-msvc-v142\x64\i4mp-64-bit-debug-lib\okuma_mt__get_networked_status.obj
d:\progs\prog-97--i4mp\projects\project-1--windows-msvc-v142\x64\i4mp-64-bit-debug-lib\okuma_mt__get_name.obj
d:\progs\prog-97--i4mp\projects\project-1--windows-msvc-v142\x64\i4mp-64-bit-debug-lib\okuma_mt__get_model.obj
d:\progs\prog-97--i4mp\projects\project-1--windows-msvc-v142\x64\i4mp-64-bit-debug-lib\okuma_mt__get_manufacturer.obj
d:\progs\prog-97--i4mp\projects\project-1--windows-msvc-v142\x64\i4mp-64-bit-debug-lib\okuma_mt__get_machine_count.obj
d:\progs\prog-97--i4mp\projects\project-1--windows-msvc-v142\x64\i4mp-64-bit-debug-lib\okuma_mt__get_id.obj
d:\progs\prog-97--i4mp\projects\project-1--windows-msvc-v142\x64\i4mp-64-bit-debug-lib\okuma_mt__get_facility.obj
d:\progs\prog-97--i4mp\projects\project-1--windows-msvc-v142\x64\i4mp-64-bit-debug-lib\okuma_mt__get_department.obj
d:\progs\prog-97--i4mp\projects\project-1--windows-msvc-v142\x64\i4mp-64-bit-debug-lib\okuma_mt__get_cycle_time.obj
d:\progs\prog-97--i4mp\projects\project-1--windows-msvc-v142\x64\i4mp-64-bit-debug-lib\okuma_mt__get_connection_status.obj
d:\progs\prog-97--i4mp\projects\project-1--windows-msvc-v142\x64\i4mp-64-bit-debug-lib\okuma_mt__get_cnc_name.obj
d:\progs\prog-97--i4mp\projects\project-1--windows-msvc-v142\x64\i4mp-64-bit-debug-lib\okuma_mt__get_application_version_1.2.6.obj
d:\progs\prog-97--i4mp\projects\project-1--windows-msvc-v142\x64\i4mp-64-bit-debug-lib\okuma_mt__get_alarm_status.obj
d:\progs\prog-97--i4mp\projects\project-1--windows-msvc-v142\x64\i4mp-64-bit-debug-lib\okuma_mt__config.obj
d:\progs\prog-97--i4mp\projects\project-1--windows-msvc-v142\x64\i4mp-64-bit-debug-lib\fanuc_focas__start.obj
d:\progs\prog-97--i4mp\projects\project-1--windows-msvc-v142\x64\i4mp-64-bit-debug-lib\okuma_mt__private__task__estimate_cycle_time_from_part_counter.obj
d:\progs\prog-97--i4mp\projects\project-1--windows-msvc-v142\x64\i4mp-64-bit-debug-lib\okuma_mt__private__task__connection_monitor.obj
d:\progs\prog-97--i4mp\projects\project-1--windows-msvc-v142\x64\i4mp-64-bit-debug-lib\okuma_mt__private__read_production_status__simulated.obj
d:\progs\prog-97--i4mp\projects\project-1--windows-msvc-v142\x64\i4mp-64-bit-debug-lib\okuma_mt__private__read_production_status__real.obj
d:\progs\prog-97--i4mp\projects\project-1--windows-msvc-v142\x64\i4mp-64-bit-debug-lib\okuma_mt__private__read_part_program_name__simulated.obj
d:\progs\prog-97--i4mp\projects\project-1--windows-msvc-v142\x64\i4mp-64-bit-debug-lib\okuma_mt__private__read_part_program_name__real.obj
d:\progs\prog-97--i4mp\projects\project-1--windows-msvc-v142\x64\i4mp-64-bit-debug-lib\okuma_mt__private__read_part_counter__simulated.obj
d:\progs\prog-97--i4mp\projects\project-1--windows-msvc-v142\x64\i4mp-64-bit-debug-lib\okuma_mt__private__read_part_counter__real.obj
d:\progs\prog-97--i4mp\projects\project-1--windows-msvc-v142\x64\i4mp-64-bit-debug-lib\okuma_mt__private__read_cycle_time__simulated.obj
d:\progs\prog-97--i4mp\projects\project-1--windows-msvc-v142\x64\i4mp-64-bit-debug-lib\okuma_mt__private__read_cycle_time__real.obj
d:\progs\prog-97--i4mp\projects\project-1--windows-msvc-v142\x64\i4mp-64-bit-debug-lib\okuma_mt__private__read_connection_status__simulated.obj
d:\progs\prog-97--i4mp\projects\project-1--windows-msvc-v142\x64\i4mp-64-bit-debug-lib\okuma_mt__private__read_connection_status__real.obj
d:\progs\prog-97--i4mp\projects\project-1--windows-msvc-v142\x64\i4mp-64-bit-debug-lib\okuma_mt__private__read_alarm_status__simulated.obj
d:\progs\prog-97--i4mp\projects\project-1--windows-msvc-v142\x64\i4mp-64-bit-debug-lib\okuma_mt__private__read_alarm_status__real.obj
d:\progs\prog-97--i4mp\projects\project-1--windows-msvc-v142\x64\i4mp-64-bit-debug-lib\okuma_mt__private__load_machines_configuration.obj
d:\progs\prog-97--i4mp\projects\project-1--windows-msvc-v142\x64\i4mp-64-bit-debug-lib\okuma_mt__private__load_application_configuration.obj
d:\progs\prog-97--i4mp\projects\project-1--windows-msvc-v142\x64\i4mp-64-bit-debug-lib\okuma_mt__private__check_parameters_and_agent_status.obj
d:\progs\prog-97--i4mp\projects\project-1--windows-msvc-v142\x64\i4mp-64-bit-debug-lib\okuma_mt__init.obj
d:\progs\prog-97--i4mp\projects\project-1--windows-msvc-v142\x64\i4mp-64-bit-debug-lib\okuma_mt__get_type.obj
d:\progs\prog-97--i4mp\projects\project-1--windows-msvc-v142\x64\i4mp-64-bit-debug-lib\okuma_mt__get_simulated_status.obj
d:\progs\prog-97--i4mp\projects\project-1--windows-msvc-v142\x64\i4mp-64-bit-debug-lib\siemens_open62541__get_model.obj
d:\progs\prog-97--i4mp\projects\project-1--windows-msvc-v142\x64\i4mp-64-bit-debug-lib\siemens_open62541__get_manufacturer.obj
d:\progs\prog-97--i4mp\projects\project-1--windows-msvc-v142\x64\i4mp-64-bit-debug-lib\siemens_open62541__get_machine_count.obj
d:\progs\prog-97--i4mp\projects\project-1--windows-msvc-v142\x64\i4mp-64-bit-debug-lib\siemens_open62541__get_id.obj
d:\progs\prog-97--i4mp\projects\project-1--windows-msvc-v142\x64\i4mp-64-bit-debug-lib\siemens_open62541__get_facility.obj
d:\progs\prog-97--i4mp\projects\project-1--windows-msvc-v142\x64\i4mp-64-bit-debug-lib\siemens_open62541__get_department.obj
d:\progs\prog-97--i4mp\projects\project-1--windows-msvc-v142\x64\i4mp-64-bit-debug-lib\siemens_open62541__get_cycle_time.obj
d:\progs\prog-97--i4mp\projects\project-1--windows-msvc-v142\x64\i4mp-64-bit-debug-lib\siemens_open62541__get_connection_status.obj
d:\progs\prog-97--i4mp\projects\project-1--windows-msvc-v142\x64\i4mp-64-bit-debug-lib\siemens_open62541__get_cnc_name.obj
d:\progs\prog-97--i4mp\projects\project-1--windows-msvc-v142\x64\i4mp-64-bit-debug-lib\siemens_open62541__get_application_version_1.2.6.obj
d:\progs\prog-97--i4mp\projects\project-1--windows-msvc-v142\x64\i4mp-64-bit-debug-lib\siemens_open62541__get_alarm_status.obj
d:\progs\prog-97--i4mp\projects\project-1--windows-msvc-v142\x64\i4mp-64-bit-debug-lib\siemens_open62541__config.obj
d:\progs\prog-97--i4mp\projects\project-1--windows-msvc-v142\x64\i4mp-64-bit-debug-lib\okuma_mt__platform__private__task__read_machine_data_stream.obj
d:\progs\prog-97--i4mp\projects\project-1--windows-msvc-v142\x64\i4mp-64-bit-debug-lib\okuma_mt__platform__private__stop.obj
d:\progs\prog-97--i4mp\projects\project-1--windows-msvc-v142\x64\i4mp-64-bit-debug-lib\okuma_mt__platform__private__start.obj
d:\progs\prog-97--i4mp\projects\project-1--windows-msvc-v142\x64\i4mp-64-bit-debug-lib\okuma_mt__start.obj
d:\progs\prog-97--i4mp\projects\project-1--windows-msvc-v142\x64\i4mp-64-bit-debug-lib\okuma_mt__private__thread_2.obj
d:\progs\prog-97--i4mp\projects\project-1--windows-msvc-v142\x64\i4mp-64-bit-debug-lib\okuma_mt__private__thread.obj
d:\progs\prog-97--i4mp\projects\project-1--windows-msvc-v142\x64\i4mp-64-bit-debug-lib\okuma_mt__private__task__simulate_machines_data.obj
d:\progs\prog-97--i4mp\projects\project-1--windows-msvc-v142\x64\i4mp-64-bit-debug-lib\okuma_mt__private__task__read_machines_data.obj
d:\progs\prog-97--i4mp\projects\project-1--windows-msvc-v142\x64\i4mp-64-bit-debug-lib\siemens_open62541__private__read_connection_status__real.obj
d:\progs\prog-97--i4mp\projects\project-1--windows-msvc-v142\x64\i4mp-64-bit-debug-lib\siemens_open62541__private__load_machines_configuration.obj
d:\progs\prog-97--i4mp\projects\project-1--windows-msvc-v142\x64\i4mp-64-bit-debug-lib\siemens_open62541__private__load_application_configuration.obj
d:\progs\prog-97--i4mp\projects\project-1--windows-msvc-v142\x64\i4mp-64-bit-debug-lib\siemens_open62541__private__disconnect_from_machine__simulated.obj
d:\progs\prog-97--i4mp\projects\project-1--windows-msvc-v142\x64\i4mp-64-bit-debug-lib\siemens_open62541__private__disconnect_from_machine__real.obj
d:\progs\prog-97--i4mp\projects\project-1--windows-msvc-v142\x64\i4mp-64-bit-debug-lib\siemens_open62541__private__disconnect_from_machine.obj
d:\progs\prog-97--i4mp\projects\project-1--windows-msvc-v142\x64\i4mp-64-bit-debug-lib\siemens_open62541__private__connect_to_machine__simulated.obj
d:\progs\prog-97--i4mp\projects\project-1--windows-msvc-v142\x64\i4mp-64-bit-debug-lib\siemens_open62541__private__connect_to_machine__real.obj
d:\progs\prog-97--i4mp\projects\project-1--windows-msvc-v142\x64\i4mp-64-bit-debug-lib\siemens_open62541__private__connect_to_machine.obj
d:\progs\prog-97--i4mp\projects\project-1--windows-msvc-v142\x64\i4mp-64-bit-debug-lib\siemens_open62541__private__check_parameters_and_agent_status.obj
d:\progs\prog-97--i4mp\projects\project-1--windows-msvc-v142\x64\i4mp-64-bit-debug-lib\siemens_open62541__init.obj
d:\progs\prog-97--i4mp\projects\project-1--windows-msvc-v142\x64\i4mp-64-bit-debug-lib\siemens_open62541__get_type.obj
d:\progs\prog-97--i4mp\projects\project-1--windows-msvc-v142\x64\i4mp-64-bit-debug-lib\siemens_open62541__get_simulated_status.obj
d:\progs\prog-97--i4mp\projects\project-1--windows-msvc-v142\x64\i4mp-64-bit-debug-lib\siemens_open62541__get_serial_number.obj
d:\progs\prog-97--i4mp\projects\project-1--windows-msvc-v142\x64\i4mp-64-bit-debug-lib\siemens_open62541__get_production_status.obj
d:\progs\prog-97--i4mp\projects\project-1--windows-msvc-v142\x64\i4mp-64-bit-debug-lib\siemens_open62541__get_part_program_name.obj
d:\progs\prog-97--i4mp\projects\project-1--windows-msvc-v142\x64\i4mp-64-bit-debug-lib\siemens_open62541__get_part_counter.obj
d:\progs\prog-97--i4mp\projects\project-1--windows-msvc-v142\x64\i4mp-64-bit-debug-lib\siemens_open62541__get_operating_status.obj
d:\progs\prog-97--i4mp\projects\project-1--windows-msvc-v142\x64\i4mp-64-bit-debug-lib\siemens_open62541__get_networked_status.obj
d:\progs\prog-97--i4mp\projects\project-1--windows-msvc-v142\x64\i4mp-64-bit-debug-lib\siemens_open62541__get_name.obj
d:\progs\prog-97--i4mp\projects\project-1--windows-msvc-v142\x64\i4mp-64-bit-debug-lib\i4mp__get_operating_status.obj
d:\progs\prog-97--i4mp\projects\project-1--windows-msvc-v142\x64\i4mp-64-bit-debug-lib\i4mp__get_department.obj
d:\progs\prog-97--i4mp\projects\project-1--windows-msvc-v142\x64\i4mp-64-bit-debug-lib\i4mp__get_cnc_name.obj
d:\progs\prog-97--i4mp\projects\project-1--windows-msvc-v142\x64\i4mp-64-bit-debug-lib\i4mp__get_alarm_status.obj
d:\progs\prog-97--i4mp\projects\project-1--windows-msvc-v142\x64\i4mp-64-bit-debug-lib\siemens_open62541__start.obj
d:\progs\prog-97--i4mp\projects\project-1--windows-msvc-v142\x64\i4mp-64-bit-debug-lib\siemens_open62541__private__thread.obj
d:\progs\prog-97--i4mp\projects\project-1--windows-msvc-v142\x64\i4mp-64-bit-debug-lib\siemens_open62541__private__task__simulate_machines_data.obj
d:\progs\prog-97--i4mp\projects\project-1--windows-msvc-v142\x64\i4mp-64-bit-debug-lib\siemens_open62541__private__task__read_machines_data.obj
d:\progs\prog-97--i4mp\projects\project-1--windows-msvc-v142\x64\i4mp-64-bit-debug-lib\siemens_open62541__private__task__connection_monitor.obj
d:\progs\prog-97--i4mp\projects\project-1--windows-msvc-v142\x64\i4mp-64-bit-debug-lib\siemens_open62541__private__read_production_status__simulated.obj
d:\progs\prog-97--i4mp\projects\project-1--windows-msvc-v142\x64\i4mp-64-bit-debug-lib\siemens_open62541__private__read_production_status__real.obj
d:\progs\prog-97--i4mp\projects\project-1--windows-msvc-v142\x64\i4mp-64-bit-debug-lib\siemens_open62541__private__read_part_program_name__simulated.obj
d:\progs\prog-97--i4mp\projects\project-1--windows-msvc-v142\x64\i4mp-64-bit-debug-lib\siemens_open62541__private__read_part_program_name__real.obj
d:\progs\prog-97--i4mp\projects\project-1--windows-msvc-v142\x64\i4mp-64-bit-debug-lib\siemens_open62541__private__read_part_counter__simulated.obj
d:\progs\prog-97--i4mp\projects\project-1--windows-msvc-v142\x64\i4mp-64-bit-debug-lib\siemens_open62541__private__read_part_counter__real.obj
d:\progs\prog-97--i4mp\projects\project-1--windows-msvc-v142\x64\i4mp-64-bit-debug-lib\siemens_open62541__private__read_cycle_time__simulated.obj
d:\progs\prog-97--i4mp\projects\project-1--windows-msvc-v142\x64\i4mp-64-bit-debug-lib\siemens_open62541__private__read_cycle_time__real.obj
d:\progs\prog-97--i4mp\projects\project-1--windows-msvc-v142\x64\i4mp-64-bit-debug-lib\siemens_open62541__private__read_alarm_status__simulated.obj
d:\progs\prog-97--i4mp\projects\project-1--windows-msvc-v142\x64\i4mp-64-bit-debug-lib\siemens_open62541__private__read_alarm_status__real.obj
d:\progs\prog-97--i4mp\projects\project-1--windows-msvc-v142\x64\i4mp-64-bit-debug-lib\siemens_open62541__private__read_connection_status__simulated.obj
d:\progs\prog-97--i4mp\projects\project-1--windows-msvc-v142\x64\i4mp-64-bit-debug-lib\i4mp__get_serial_number.obj
d:\progs\prog-97--i4mp\projects\project-1--windows-msvc-v142\x64\i4mp-64-bit-debug-lib\i4mp__get_name.obj
d:\progs\prog-97--i4mp\projects\project-1--windows-msvc-v142\x64\i4mp-64-bit-debug-lib\i4mp__get_model.obj
d:\progs\prog-97--i4mp\projects\project-1--windows-msvc-v142\x64\i4mp-64-bit-debug-lib\i4mp__get_machine_count.obj
d:\progs\prog-97--i4mp\projects\project-1--windows-msvc-v142\x64\i4mp-64-bit-debug-lib\i4mp__get_cycle_time.obj
d:\progs\prog-97--i4mp\projects\project-1--windows-msvc-v142\x64\i4mp-64-bit-debug-lib\i4mp__get_connection_status.obj
d:\progs\prog-97--i4mp\projects\project-1--windows-msvc-v142\x64\i4mp-64-bit-debug-lib\i4mp__get_manufacturer.obj
d:\progs\prog-97--i4mp\projects\project-1--windows-msvc-v142\x64\i4mp-64-bit-debug-lib\i4mp__get_application_version_1.2.6.obj
d:\progs\prog-97--i4mp\projects\project-1--windows-msvc-v142\x64\i4mp-64-bit-debug-lib\i4mp__config.obj
d:\progs\prog-97--i4mp\projects\project-1--windows-msvc-v142\x64\i4mp-64-bit-debug-lib\i4mp__private__convert_machine_descriptor_to_agent_descriptor.obj
d:\progs\prog-97--i4mp\projects\project-1--windows-msvc-v142\x64\i4mp-64-bit-debug-lib\i4mp__sleep_milliseconds.obj
d:\progs\prog-97--i4mp\projects\project-1--windows-msvc-v142\x64\i4mp-64-bit-debug-lib\i4mp__print_agents.obj
d:\progs\prog-97--i4mp\projects\project-1--windows-msvc-v142\x64\i4mp-64-bit-debug-lib\i4mp__get_type.obj
d:\progs\prog-97--i4mp\projects\project-1--windows-msvc-v142\x64\i4mp-64-bit-debug-lib\i4mp__get_part_program_name.obj
d:\progs\prog-97--i4mp\projects\project-1--windows-msvc-v142\x64\i4mp-64-bit-debug-lib\i4mp__get_part_counter.obj
d:\progs\prog-97--i4mp\projects\project-1--windows-msvc-v142\x64\i4mp-64-bit-debug-lib\i4mp__get_id.obj
d:\progs\prog-97--i4mp\projects\project-1--windows-msvc-v142\x64\i4mp-64-bit-debug-lib\i4mp__get_facility.obj
d:\progs\prog-97--i4mp\projects\project-1--windows-msvc-v142\x64\i4mp-64-bit-debug-lib\i4mp__get_simulated_status.obj
d:\progs\prog-97--i4mp\projects\project-1--windows-msvc-v142\x64\i4mp-64-bit-debug-lib\i4mp__get_networked_status.obj
d:\progs\prog-97--i4mp\projects\project-1--windows-msvc-v142\x64\i4mp-64-bit-debug-lib\i4mp__get_production_status.obj
d:\progs\prog-97--i4mp\projects\project-1--windows-msvc-v142\x64\i4mp-64-bit-debug-lib\i4mp__start.obj
d:\progs\prog-97--i4mp\projects\project-1--windows-msvc-v142\x64\i4mp-64-bit-debug-lib\i4mp__init.obj
d:\progs\prog-97--i4mp\build\project-1--windows-msvc-v142\lib\i4mp-1.2.6-64-bit-debug.lib
d:\progs\prog-97--i4mp\projects\project-1--windows-msvc-v142\x64\i4mp-64-bit-debug-lib\i4mp.tlog\cl.command.1.tlog
d:\progs\prog-97--i4mp\projects\project-1--windows-msvc-v142\x64\i4mp-64-bit-debug-lib\i4mp.tlog\cl.read.1.tlog
d:\progs\prog-97--i4mp\projects\project-1--windows-msvc-v142\x64\i4mp-64-bit-debug-lib\i4mp.tlog\cl.write.1.tlog
d:\progs\prog-97--i4mp\projects\project-1--windows-msvc-v142\x64\i4mp-64-bit-debug-lib\i4mp.tlog\lib-link.read.1.tlog
d:\progs\prog-97--i4mp\projects\project-1--windows-msvc-v142\x64\i4mp-64-bit-debug-lib\i4mp.tlog\lib-link.write.1.tlog
d:\progs\prog-97--i4mp\projects\project-1--windows-msvc-v142\x64\i4mp-64-bit-debug-lib\i4mp.tlog\lib.command.1.tlog
