d:\progs\prog-97--i4mp\build\project-1--windows-msvc-v142\lib\i4mp-1.2.7-64-bit-debug-lib\i4mp-1.1.2-64-bit-debug.pdb
d:\progs\prog-97--i4mp\build\project-1--windows-msvc-v142\lib\i4mp-1.2.7-64-bit-debug-lib\i4mp-1.1.2-64-bit-debug.idb
d:\progs\prog-97--i4mp\projects\project-1--windows-msvc-v142\x64\debug\utils__get_application_version_2.3.1.obj
d:\progs\prog-97--i4mp\projects\project-1--windows-msvc-v142\x64\debug\utils__get_application_name_and_version.obj
d:\progs\prog-97--i4mp\projects\project-1--windows-msvc-v142\x64\debug\utils__get_application_name.obj
d:\progs\prog-97--i4mp\projects\project-1--windows-msvc-v142\x64\debug\utils__base_64__get_size_of_encoded_buffer.obj
d:\progs\prog-97--i4mp\projects\project-1--windows-msvc-v142\x64\debug\utils__base_64__encode.obj
d:\progs\prog-97--i4mp\projects\project-1--windows-msvc-v142\x64\debug\utils__base_64__decode.obj
d:\progs\prog-97--i4mp\projects\project-1--windows-msvc-v142\x64\debug\utils__platform__touch_file.obj
d:\progs\prog-97--i4mp\projects\project-1--windows-msvc-v142\x64\debug\utils__platform__sleep.obj
d:\progs\prog-97--i4mp\projects\project-1--windows-msvc-v142\x64\debug\utils__platform__remove_file.obj
d:\progs\prog-97--i4mp\projects\project-1--windows-msvc-v142\x64\debug\utils__platform__make_file_and_dir_log_names.obj
d:\progs\prog-97--i4mp\projects\project-1--windows-msvc-v142\x64\debug\utils__platform__make_absolute_file_name.obj
d:\progs\prog-97--i4mp\projects\project-1--windows-msvc-v142\x64\debug\utils__platform__get_path_separator.obj
d:\progs\prog-97--i4mp\projects\project-1--windows-msvc-v142\x64\debug\utils__platform__empty_file.obj
d:\progs\prog-97--i4mp\projects\project-1--windows-msvc-v142\x64\debug\utils__platform__does_path_exist.obj
d:\progs\prog-97--i4mp\projects\project-1--windows-msvc-v142\x64\debug\utils__platform__does_file_exist.obj
d:\progs\prog-97--i4mp\projects\project-1--windows-msvc-v142\x64\debug\utils__platform__create_path.obj
d:\progs\prog-97--i4mp\projects\project-1--windows-msvc-v142\x64\debug\utils__platform__create_empty_file.obj
d:\progs\prog-97--i4mp\projects\project-1--windows-msvc-v142\x64\debug\utils__platform__create_directory_by_dir_name.obj
d:\progs\prog-97--i4mp\projects\project-1--windows-msvc-v142\x64\debug\utils__platform__build_fully_qualified_file_name.obj
d:\progs\prog-97--i4mp\projects\project-1--windows-msvc-v142\x64\debug\open62541.obj
d:\progs\prog-97--i4mp\projects\project-1--windows-msvc-v142\x64\debug\utils__libc__print_tokens.obj
d:\progs\prog-97--i4mp\projects\project-1--windows-msvc-v142\x64\debug\utils__libc__ltoa.obj
d:\progs\prog-97--i4mp\projects\project-1--windows-msvc-v142\x64\debug\utils__libc__itoa.obj
d:\progs\prog-97--i4mp\projects\project-1--windows-msvc-v142\x64\debug\utils__libc__get_file_size.obj
d:\progs\prog-97--i4mp\projects\project-1--windows-msvc-v142\x64\debug\utils__libc__count_trimmeable_characters.obj
d:\progs\prog-97--i4mp\projects\project-1--windows-msvc-v142\x64\debug\utils__libc__copy_buffer.obj
d:\progs\prog-97--i4mp\projects\project-1--windows-msvc-v142\x64\debug\utils__libc__convert_utf8_data_to_percent_encoded_data.obj
d:\progs\prog-97--i4mp\projects\project-1--windows-msvc-v142\x64\debug\utils__libc__compact_spaces.obj
d:\progs\prog-97--i4mp\projects\project-1--windows-msvc-v142\x64\debug\utils__libc__check_for_duplicate_names.obj
d:\progs\prog-97--i4mp\projects\project-1--windows-msvc-v142\x64\debug\utils__libc__check_doubles_for_equality.obj
d:\progs\prog-97--i4mp\projects\project-1--windows-msvc-v142\x64\debug\utils__libc__build_url_buffer.obj
d:\progs\prog-97--i4mp\projects\project-1--windows-msvc-v142\x64\debug\utils__libc__atoul.obj
d:\progs\prog-97--i4mp\projects\project-1--windows-msvc-v142\x64\debug\utils__libc__atost.obj
d:\progs\prog-97--i4mp\projects\project-1--windows-msvc-v142\x64\debug\utils__libc__atoi.obj
d:\progs\prog-97--i4mp\projects\project-1--windows-msvc-v142\x64\debug\utils__libc__atod.obj
d:\progs\prog-97--i4mp\projects\project-1--windows-msvc-v142\x64\debug\utils__lang__print_dictionary.obj
d:\progs\prog-97--i4mp\projects\project-1--windows-msvc-v142\x64\debug\utils__lang__init.obj
d:\progs\prog-97--i4mp\projects\project-1--windows-msvc-v142\x64\debug\utils__lang__get_word.obj
d:\progs\prog-97--i4mp\projects\project-1--windows-msvc-v142\x64\debug\utils__lang__config.obj
d:\progs\prog-97--i4mp\projects\project-1--windows-msvc-v142\x64\debug\utils__language_iso_639_1__validate_code.obj
d:\progs\prog-97--i4mp\projects\project-1--windows-msvc-v142\x64\debug\utils__percent_encoding__encode_strict.obj
d:\progs\prog-97--i4mp\projects\project-1--windows-msvc-v142\x64\debug\utils__percent_encoding__encode.obj
d:\progs\prog-97--i4mp\projects\project-1--windows-msvc-v142\x64\debug\utils__percent_encoding__decode__data.obj
d:\progs\prog-97--i4mp\projects\project-1--windows-msvc-v142\x64\debug\utils__percent_encoding__decode_data_strict.obj
d:\progs\prog-97--i4mp\projects\project-1--windows-msvc-v142\x64\debug\utils__libc__write_option.obj
d:\progs\prog-97--i4mp\projects\project-1--windows-msvc-v142\x64\debug\utils__libc__validate_unsigned_long_number.obj
d:\progs\prog-97--i4mp\projects\project-1--windows-msvc-v142\x64\debug\utils__libc__validate_size_t_number.obj
d:\progs\prog-97--i4mp\projects\project-1--windows-msvc-v142\x64\debug\utils__libc__validate_ipv4_address.obj
d:\progs\prog-97--i4mp\projects\project-1--windows-msvc-v142\x64\debug\utils__libc__validate_int_number.obj
d:\progs\prog-97--i4mp\projects\project-1--windows-msvc-v142\x64\debug\utils__libc__ustoa.obj
d:\progs\prog-97--i4mp\projects\project-1--windows-msvc-v142\x64\debug\utils__libc__unescape_buffer.obj
d:\progs\prog-97--i4mp\projects\project-1--windows-msvc-v142\x64\debug\utils__libc__ultoa.obj
d:\progs\prog-97--i4mp\projects\project-1--windows-msvc-v142\x64\debug\utils__libc__trim_tokens.obj
d:\progs\prog-97--i4mp\projects\project-1--windows-msvc-v142\x64\debug\utils__libc__trim_string.obj
d:\progs\prog-97--i4mp\projects\project-1--windows-msvc-v142\x64\debug\utils__libc__tokenize_string.obj
d:\progs\prog-97--i4mp\projects\project-1--windows-msvc-v142\x64\debug\utils__libc__sttoa.obj
d:\progs\prog-97--i4mp\projects\project-1--windows-msvc-v142\x64\debug\utils__libc__strstr.obj
d:\progs\prog-97--i4mp\projects\project-1--windows-msvc-v142\x64\debug\utils__libc__strnchr.obj
d:\progs\prog-97--i4mp\projects\project-1--windows-msvc-v142\x64\debug\utils__libc__stoa.obj
d:\progs\prog-97--i4mp\projects\project-1--windows-msvc-v142\x64\debug\utils__libc__read_file.obj
d:\progs\prog-97--i4mp\projects\project-1--windows-msvc-v142\x64\debug\utils__sdb__read_configuration_from_buffer.obj
d:\progs\prog-97--i4mp\projects\project-1--windows-msvc-v142\x64\debug\utils__sdb__print_sdb.obj
d:\progs\prog-97--i4mp\projects\project-1--windows-msvc-v142\x64\debug\utils__sdb__print_records_index.obj
d:\progs\prog-97--i4mp\projects\project-1--windows-msvc-v142\x64\debug\utils__sdb__match_sdb_names_rows.obj
d:\progs\prog-97--i4mp\projects\project-1--windows-msvc-v142\x64\debug\utils__sdb__match_sdb_names.obj
d:\progs\prog-97--i4mp\projects\project-1--windows-msvc-v142\x64\debug\utils__sdb__init.obj
d:\progs\prog-97--i4mp\projects\project-1--windows-msvc-v142\x64\debug\utils__sdb__index_file.obj
d:\progs\prog-97--i4mp\projects\project-1--windows-msvc-v142\x64\debug\utils__sdb__count_sections_from_file.obj
d:\progs\prog-97--i4mp\projects\project-1--windows-msvc-v142\x64\debug\utils__sdb__count_sections_from_buffer.obj
d:\progs\prog-97--i4mp\projects\project-1--windows-msvc-v142\x64\debug\utils__sdb__config.obj
d:\progs\prog-97--i4mp\projects\project-1--windows-msvc-v142\x64\debug\utils__sdb__compare_two_sdbs.obj
d:\progs\prog-97--i4mp\projects\project-1--windows-msvc-v142\x64\debug\utils__sdb__clear_sdb.obj
d:\progs\prog-97--i4mp\projects\project-1--windows-msvc-v142\x64\debug\utils__sdb__check_names.obj
d:\progs\prog-97--i4mp\projects\project-1--windows-msvc-v142\x64\debug\utils__sdb__append_sdb.obj
d:\progs\prog-97--i4mp\projects\project-1--windows-msvc-v142\x64\debug\utils__printf__warning.obj
d:\progs\prog-97--i4mp\projects\project-1--windows-msvc-v142\x64\debug\utils__printf__init.obj
d:\progs\prog-97--i4mp\projects\project-1--windows-msvc-v142\x64\debug\utils__printf__info.obj
d:\progs\prog-97--i4mp\projects\project-1--windows-msvc-v142\x64\debug\utils__printf__flush.obj
d:\progs\prog-97--i4mp\projects\project-1--windows-msvc-v142\x64\debug\utils__printf__error.obj
d:\progs\prog-97--i4mp\projects\project-1--windows-msvc-v142\x64\debug\utils__printf__config.obj
d:\progs\prog-97--i4mp\projects\project-1--windows-msvc-v142\x64\debug\utils__utf_8__count_symbols.obj
d:\progs\prog-97--i4mp\projects\project-1--windows-msvc-v142\x64\debug\utils__time__get_iso_extended_time.obj
d:\progs\prog-97--i4mp\projects\project-1--windows-msvc-v142\x64\debug\utils__time__get_iso_extended_date.obj
d:\progs\prog-97--i4mp\projects\project-1--windows-msvc-v142\x64\debug\utils__time__get_iso_date.obj
d:\progs\prog-97--i4mp\projects\project-1--windows-msvc-v142\x64\debug\utils__time__get_integer_date.obj
d:\progs\prog-97--i4mp\projects\project-1--windows-msvc-v142\x64\debug\utils__time__get_date.obj
d:\progs\prog-97--i4mp\projects\project-1--windows-msvc-v142\x64\debug\utils__libc__write_1_or_0.obj
d:\progs\prog-97--i4mp\projects\project-1--windows-msvc-v142\x64\debug\utils__sdb__write_urlencoded_data_to_sdb.obj
d:\progs\prog-97--i4mp\projects\project-1--windows-msvc-v142\x64\debug\utils__libc__write_string.obj
d:\progs\prog-97--i4mp\projects\project-1--windows-msvc-v142\x64\debug\utils__libc__write_size_t.obj
d:\progs\prog-97--i4mp\projects\project-1--windows-msvc-v142\x64\debug\utils__sdb__write_record_to_file.obj
d:\progs\prog-97--i4mp\projects\project-1--windows-msvc-v142\x64\debug\utils__sdb__write_pair_to_sdb.obj
d:\progs\prog-97--i4mp\projects\project-1--windows-msvc-v142\x64\debug\utils__libc__write_int.obj
d:\progs\prog-97--i4mp\projects\project-1--windows-msvc-v142\x64\debug\utils__libc__write_double.obj
d:\progs\prog-97--i4mp\projects\project-1--windows-msvc-v142\x64\debug\utils__sdb__validate_name.obj
d:\progs\prog-97--i4mp\projects\project-1--windows-msvc-v142\x64\debug\utils__sdb__search_index_by_name.obj
d:\progs\prog-97--i4mp\projects\project-1--windows-msvc-v142\x64\debug\utils__sdb__replace_value_in_position.obj
d:\progs\prog-97--i4mp\projects\project-1--windows-msvc-v142\x64\debug\utils__sdb__read_record_from_file.obj
d:\progs\prog-97--i4mp\projects\project-1--windows-msvc-v142\x64\debug\utils__sdb__read_record_from_buffer.obj
d:\progs\prog-97--i4mp\projects\project-1--windows-msvc-v142\x64\debug\utils__sdb__read_configuration_from_file.obj
d:\progs\prog-97--i4mp\projects\project-1--windows-msvc-v142\x64\debug\agent__siemens_open62541__read_machine_cycle_time.obj
d:\progs\prog-97--i4mp\projects\project-1--windows-msvc-v142\x64\debug\agent__siemens_open62541__connect_to_machine.obj
d:\progs\prog-97--i4mp\projects\project-1--windows-msvc-v142\x64\debug\agent__okuma_okuma__platform__private__task__read_machine_data.obj
d:\progs\prog-97--i4mp\projects\project-1--windows-msvc-v142\x64\debug\agent__okuma_okuma__read_machine_part_program_name.obj
d:\progs\prog-97--i4mp\projects\project-1--windows-msvc-v142\x64\debug\agent__okuma_okuma__read_machine_part_counter.obj
d:\progs\prog-97--i4mp\projects\project-1--windows-msvc-v142\x64\debug\agent__okuma_okuma__read_machine_cycle_time.obj
d:\progs\prog-97--i4mp\projects\project-1--windows-msvc-v142\x64\debug\agent__okuma_okuma__connect_to_machine.obj
d:\progs\prog-97--i4mp\projects\project-1--windows-msvc-v142\x64\debug\agent__fanuc_focas__read_machine_part_program_name.obj
d:\progs\prog-97--i4mp\projects\project-1--windows-msvc-v142\x64\debug\agent__fanuc_focas__read_machine_part_counter.obj
d:\progs\prog-97--i4mp\projects\project-1--windows-msvc-v142\x64\debug\agent__fanuc_focas__read_machine_cycle_time.obj
d:\progs\prog-97--i4mp\projects\project-1--windows-msvc-v142\x64\debug\agent__fanuc_focas__connect_to_machine.obj
d:\progs\prog-97--i4mp\projects\project-1--windows-msvc-v142\x64\debug\agency__private__read_data_stream.obj
d:\progs\prog-97--i4mp\projects\project-1--windows-msvc-v142\x64\debug\todo.obj
d:\progs\prog-97--i4mp\projects\project-1--windows-msvc-v142\x64\debug\main.obj
d:\progs\prog-97--i4mp\projects\project-1--windows-msvc-v142\x64\debug\agency__test_1.obj
d:\progs\prog-97--i4mp\projects\project-1--windows-msvc-v142\x64\debug\utils__xml__extract_inner_xml.obj
d:\progs\prog-97--i4mp\projects\project-1--windows-msvc-v142\x64\debug\utils__utf_8__validate_data.obj
d:\progs\prog-97--i4mp\projects\project-1--windows-msvc-v142\x64\debug\utils__utf_8__memcmp.obj
d:\progs\prog-97--i4mp\projects\project-1--windows-msvc-v142\x64\debug\utils__utf_8__get_symbol.obj
d:\progs\prog-97--i4mp\projects\project-1--windows-msvc-v142\x64\debug\utils__utf_8__get_next_symbol.obj
d:\progs\prog-97--i4mp\projects\project-1--windows-msvc-v142\x64\debug\agency__private__read_machine_part_counter.obj
d:\progs\prog-97--i4mp\projects\project-1--windows-msvc-v142\x64\debug\agency__private__read_machine_cycle_time.obj
d:\progs\prog-97--i4mp\projects\project-1--windows-msvc-v142\x64\debug\agency__private__load_machines_configuration_data.obj
d:\progs\prog-97--i4mp\projects\project-1--windows-msvc-v142\x64\debug\agency__private__load_agency_configuration_data.obj
d:\progs\prog-97--i4mp\projects\project-1--windows-msvc-v142\x64\debug\agency__get_number_of_machines.obj
d:\progs\prog-97--i4mp\projects\project-1--windows-msvc-v142\x64\debug\agency__get_machine_part_counter.obj
d:\progs\prog-97--i4mp\projects\project-1--windows-msvc-v142\x64\debug\agency__get_machine_name.obj
d:\progs\prog-97--i4mp\projects\project-1--windows-msvc-v142\x64\debug\agency__get_machine_id.obj
d:\progs\prog-97--i4mp\projects\project-1--windows-msvc-v142\x64\debug\agency__private__get_machine_data.obj
d:\progs\prog-97--i4mp\projects\project-1--windows-msvc-v142\x64\debug\agency__get_machine_cycle_time.obj
d:\progs\prog-97--i4mp\projects\project-1--windows-msvc-v142\x64\debug\agency__private__convert_machine_descriptor_to_agent_descriptor.obj
d:\progs\prog-97--i4mp\projects\project-1--windows-msvc-v142\x64\debug\agency__private__connect_to_machine.obj
d:\progs\prog-97--i4mp\projects\project-1--windows-msvc-v142\x64\debug\agency__private__check_machine_and_input_parameters.obj
d:\progs\prog-97--i4mp\projects\project-1--windows-msvc-v142\x64\debug\agency__private__check_input_parameters_and_preproccess_input_data.obj
d:\progs\prog-97--i4mp\projects\project-1--windows-msvc-v142\x64\debug\agency__get_machine_part_program_name.obj
d:\progs\prog-97--i4mp\projects\project-1--windows-msvc-v142\x64\debug\agency__private__check_and_preprocess_input_data.obj
d:\progs\prog-97--i4mp\projects\project-1--windows-msvc-v142\x64\debug\agency__init.obj
d:\progs\prog-97--i4mp\projects\project-1--windows-msvc-v142\x64\debug\agency__config.obj
d:\progs\prog-97--i4mp\projects\project-1--windows-msvc-v142\x64\debug\agent__siemens_open62541__read_machine_part_program_name.obj
d:\progs\prog-97--i4mp\projects\project-1--windows-msvc-v142\x64\debug\agent__siemens_open62541__read_machine_part_counter.obj
d:\progs\prog-97--i4mp\projects\project-1--windows-msvc-v142\x64\debug\agency__start.obj
d:\progs\prog-97--i4mp\projects\project-1--windows-msvc-v142\x64\debug\agency__sleep.obj
d:\progs\prog-97--i4mp\projects\project-1--windows-msvc-v142\x64\debug\agency__private__thread.obj
d:\progs\prog-97--i4mp\projects\project-1--windows-msvc-v142\x64\debug\agency__private__suspend_thread.obj
d:\progs\prog-97--i4mp\projects\project-1--windows-msvc-v142\x64\debug\agency__private__read_machine_part_program_name.obj
d:\progs\prog-97--i4mp\projects\project-1--windows-msvc-v142\x64\debug\vc142.pdb
d:\progs\prog-97--i4mp\projects\project-1--windows-msvc-v142\x64\debug\vc142.idb
d:\progs\prog-97--i4mp\build\project-1--windows-msvc-v142\lib\i4mp-1.2.7-64-bit-debug-lib\i4mp-1.1.2-64-bit-debug.lib
d:\progs\prog-97--i4mp\build\project-1--windows-msvc-v142\lib\i4mp-1.2.7-64-bit-debug-lib\i4mp-1.1.2-64-bit-debug.exe
d:\progs\prog-97--i4mp\projects\project-1--windows-msvc-v142\x64\debug\..\..\..\..\build\project-1--windows-msvc-v142\lib\i4mp-1.2.7-64-bit-debug-lib\i4mp-1.1.2-64-bit-debug.pdb
d:\progs\prog-97--i4mp\projects\project-1--windows-msvc-v142\x64\debug\i4mp.tlog\cl.command.1.tlog
d:\progs\prog-97--i4mp\projects\project-1--windows-msvc-v142\x64\debug\i4mp.tlog\cl.read.1.tlog
d:\progs\prog-97--i4mp\projects\project-1--windows-msvc-v142\x64\debug\i4mp.tlog\cl.write.1.tlog
d:\progs\prog-97--i4mp\projects\project-1--windows-msvc-v142\x64\debug\i4mp.tlog\i4mp.write.1u.tlog
d:\progs\prog-97--i4mp\projects\project-1--windows-msvc-v142\x64\debug\i4mp.tlog\lib-link.read.1.tlog
d:\progs\prog-97--i4mp\projects\project-1--windows-msvc-v142\x64\debug\i4mp.tlog\lib-link.write.1.tlog
d:\progs\prog-97--i4mp\projects\project-1--windows-msvc-v142\x64\debug\i4mp.tlog\lib.command.1.tlog
d:\progs\prog-97--i4mp\projects\project-1--windows-msvc-v142\x64\debug\i4mp.tlog\link.command.1.tlog
d:\progs\prog-97--i4mp\projects\project-1--windows-msvc-v142\x64\debug\i4mp.tlog\link.read.1.tlog
d:\progs\prog-97--i4mp\projects\project-1--windows-msvc-v142\x64\debug\i4mp.tlog\link.write.1.tlog
